Arguments: 
  /Users/velen/.nvm/versions/node/v12.15.0/bin/node /Users/velen/.nvm/versions/node/v12.15.0/bin/yarn add eslint -D

PATH: 
  /Users/velen/.nvm/versions/node/v12.15.0/bin:/usr/local/bin:/usr/bin:/bin:/usr/sbin:/sbin:/Users/velen/.nvm/versions/node/v12.15.0/bin

Yarn version: 
  1.22.0

Node version: 
  12.15.0

Platform: 
  darwin x64

Trace: 
  Error: https://registry.npm.taobao.org/clean-webpack-plugin: tunneling socket could not be established, cause=connect ECONNREFUSED 127.0.0.1:2087
      at ClientRequest.onError (/Users/velen/.nvm/versions/node/v12.15.0/lib/node_modules/yarn/lib/cli.js:152213:17)
      at Object.onceWrapper (events.js:313:26)
      at ClientRequest.emit (events.js:223:5)
      at Socket.socketErrorListener (_http_client.js:415:9)
      at Socket.emit (events.js:223:5)
      at emitErrorNT (internal/streams/destroy.js:92:8)
      at emitErrorAndCloseNT (internal/streams/destroy.js:60:3)
      at processTicksAndRejections (internal/process/task_queues.js:81:21)

npm manifest: 
  {
    "name": "generator-agito",
    "version": "1.0.0",
    "description": "",
    "main": "index.js",
    "scripts": {
      "start": "webpack-dev-server --open --config scripts/webpack.dev.js",
      "server": "node server.js",
      "build": "webpack --config scripts/webpack.prod.js"
    },
    "keywords": [],
    "author": "",
    "license": "ISC",
    "devDependencies": {
      "clean-webpack-plugin": "^3.0.0",
      "copy-webpack-plugin": "^5.1.1",
      "css-loader": "^3.4.2",
      "csv-loader": "^3.0.2",
      "express": "^4.17.1",
      "file-loader": "^5.0.2",
      "html-webpack-plugin": "^3.2.0",
      "lodash": "^4.17.15",
      "style-loader": "^1.1.3",
      "uglifyjs-webpack-plugin": "^2.2.0",
      "webpack": "^4.41.6",
      "webpack-cli": "^3.3.11",
      "webpack-dev-middleware": "^3.7.2",
      "webpack-dev-server": "^3.10.3",
      "webpack-merge": "^4.2.2",
      "xml-loader": "^1.2.1",
      "xml2js": "^0.4.23"
    }
  }

yarn manifest: 
  No manifest

Lockfile: 
  No lockfile
